#
# A fatal error has been detected by the Java Runtime Environment:
#
#  EXCEPTION_ACCESS_VIOLATION (0xc0000005) at pc=0x00007ffbde594b9d, pid=6512, tid=3504
#
# JRE version: Java(TM) SE Runtime Environment (7.0_67-b01) (build 1.7.0_67-b01)
# Java VM: Java HotSpot(TM) 64-Bit Server VM (24.65-b04 mixed mode windows-amd64 compressed oops)
# Problematic frame:
# C  [ig4icd64.dll+0x2e4b9d]
#
# Failed to write core dump. Minidumps are not enabled by default on client versions of Windows
#
# If you would like to submit a bug report, please visit:
#   http://bugreport.sun.com/bugreport/crash.jsp
# The crash happened outside the Java Virtual Machine in native code.
# See problematic frame for where to report the bug.
#

---------------  T H R E A D  ---------------

Current thread (0x000000000baf9000):  JavaThread "AWT-EventQueue-0" [_thread_in_native, id=3504, stack(0x000000000b3e0000,0x000000000b4e0000)]

siginfo: ExceptionCode=0xc0000005, reading address 0x00000000000000d0

Registers:
RAX=0x0000000000000000, RBX=0x0000000000000001, RCX=0x0000000000000002, RDX=0x000000000e2856d0
RSP=0x000000000b4dc2b0, RBP=0x0000000000000002, RSI=0x000000000b4dc400, RDI=0x0000000000000001
R8 =0x000000000e27ee80, R9 =0x000000000b4dc400, R10=0x000000000e284200, R11=0x000000000e2856d0
R12=0x000000000b4dc478, R13=0x000000000b4dd420, R14=0x0000000000000000, R15=0x000000000e27ee80
RIP=0x00007ffbde594b9d, EFLAGS=0x0000000000010297

Top of Stack: (sp=0x000000000b4dc2b0)
0x000000000b4dc2b0:   0000000000000010 000000000b4dd420
0x000000000b4dc2c0:   000000000b4dc400 00007ffbfa6af8d4
0x000000000b4dc2d0:   000000000b4dc400 00007ffbde58e9e3
0x000000000b4dc2e0:   000000000e27e700 000000000b4dc369
0x000000000b4dc2f0:   0000000000000000 0000000000000000
0x000000000b4dc300:   0000000000000001 0000000000000000
0x000000000b4dc310:   0000000000000000 0000000000000000
0x000000000b4dc320:   000000000e27de90 000000000e27bca0
0x000000000b4dc330:   0000000000000002 00007ffbde5a824e
0x000000000b4dc340:   0000000000000000 000000000b4dc400
0x000000000b4dc350:   0000000000000000 00007ffbfa6af8d4
0x000000000b4dc360:   0000000000000000 0000000000000002
0x000000000b4dc370:   0000000000000008 00007ffbfa628e96
0x000000000b4dc380:   000000000b4dc400 fffffffffffffffe
0x000000000b4dc390:   0000000000000001 0000000000000000
0x000000000b4dc3a0:   000000000e27de90 000000000e27bca0 

Instructions: (pc=0x00007ffbde594b9d)
0x00007ffbde594b7d:   3d 66 90 48 8b 46 20 48 2b c2 48 c1 f8 03 48 3b
0x00007ffbde594b8d:   d8 72 05 e8 43 cd 58 00 48 8b 56 18 48 8b 04 da
0x00007ffbde594b9d:   8b 88 d0 00 00 00 83 f9 01 74 0a 83 f9 02 74 05
0x00007ffbde594bad:   83 f9 04 75 20 ff c7 48 ff c3 3b fd 72 c5 b0 01 


Register to memory mapping:

RAX=0x0000000000000000 is an unknown value
RBX=0x0000000000000001 is an unknown value
RCX=0x0000000000000002 is an unknown value
RDX=0x000000000e2856d0 is an unknown value
RSP=0x000000000b4dc2b0 is pointing into the stack for thread: 0x000000000baf9000
RBP=0x0000000000000002 is an unknown value
RSI=0x000000000b4dc400 is pointing into the stack for thread: 0x000000000baf9000
RDI=0x0000000000000001 is an unknown value
R8 =0x000000000e27ee80 is an unknown value
R9 =0x000000000b4dc400 is pointing into the stack for thread: 0x000000000baf9000
R10=0x000000000e284200 is an unknown value
R11=0x000000000e2856d0 is an unknown value
R12=0x000000000b4dc478 is pointing into the stack for thread: 0x000000000baf9000
R13=0x000000000b4dd420 is pointing into the stack for thread: 0x000000000baf9000
R14=0x0000000000000000 is an unknown value
R15=0x000000000e27ee80 is an unknown value


Stack: [0x000000000b3e0000,0x000000000b4e0000],  sp=0x000000000b4dc2b0,  free space=1008k
Native frames: (J=compiled Java code, j=interpreted, Vv=VM code, C=native code)
C  [ig4icd64.dll+0x2e4b9d]

Java frames: (J=compiled Java code, j=interpreted, Vv=VM code)
j  jogamp.opengl.gl4.GL4bcImpl.dispatch_glLinkProgram1(IJ)V+0
j  jogamp.opengl.gl4.GL4bcImpl.glLinkProgram(I)V+46
j  shader.Shader.compileShader()V+8
j  shader.BasicShader.<init>(Ljavax/media/opengl/GL2;)V+26
j  scene.Scene.init()V+98
j  app.Renderer.init(Ljavax/media/opengl/GLAutoDrawable;)V+67
j  jogamp.opengl.GLDrawableHelper.init(Ljavax/media/opengl/GLEventListener;Ljavax/media/opengl/GLAutoDrawable;ZZ)V+2
j  jogamp.opengl.GLDrawableHelper.init(Ljavax/media/opengl/GLAutoDrawable;Z)V+73
j  javax.media.opengl.awt.GLCanvas$9.run()V+26
j  jogamp.opengl.GLDrawableHelper.invokeGLImpl(Ljavax/media/opengl/GLDrawable;Ljavax/media/opengl/GLContext;Ljava/lang/Runnable;Ljava/lang/Runnable;)V+197
j  jogamp.opengl.GLDrawableHelper.invokeGL(Ljavax/media/opengl/GLDrawable;Ljavax/media/opengl/GLContext;Ljava/lang/Runnable;Ljava/lang/Runnable;)V+72
j  javax.media.opengl.awt.GLCanvas$11.run()V+73
j  java.awt.event.InvocationEvent.dispatch()V+11
j  java.awt.EventQueue.dispatchEventImpl(Ljava/awt/AWTEvent;Ljava/lang/Object;)V+21
j  java.awt.EventQueue.access$200(Ljava/awt/EventQueue;Ljava/awt/AWTEvent;Ljava/lang/Object;)V+3
j  java.awt.EventQueue$3.run()Ljava/lang/Void;+12
j  java.awt.EventQueue$3.run()Ljava/lang/Object;+1
v  ~StubRoutines::call_stub
j  java.security.AccessController.doPrivileged(Ljava/security/PrivilegedAction;Ljava/security/AccessControlContext;)Ljava/lang/Object;+0
j  java.security.ProtectionDomain$1.doIntersectionPrivilege(Ljava/security/PrivilegedAction;Ljava/security/AccessControlContext;Ljava/security/AccessControlContext;)Ljava/lang/Object;+28
j  java.awt.EventQueue.dispatchEvent(Ljava/awt/AWTEvent;)V+46
j  java.awt.EventDispatchThread.pumpOneEventForFilters(I)V+245
j  java.awt.EventDispatchThread.pumpEventsForFilter(ILjava/awt/Conditional;Ljava/awt/EventFilter;)V+35
j  java.awt.EventDispatchThread.pumpEventsForHierarchy(ILjava/awt/Conditional;Ljava/awt/Component;)V+11
j  java.awt.EventDispatchThread.pumpEvents(ILjava/awt/Conditional;)V+4
j  java.awt.EventDispatchThread.pumpEvents(Ljava/awt/Conditional;)V+3
j  java.awt.EventDispatchThread.run()V+9
v  ~StubRoutines::call_stub

---------------  P R O C E S S  ---------------

Java Threads: ( => current thread )
  0x0000000002b90800 JavaThread "DestroyJavaVM" [_thread_blocked, id=820, stack(0x00000000029e0000,0x0000000002ae0000)]
  0x000000000b861800 JavaThread "main-FPSAWTAnimator#00-Timer0" [_thread_blocked, id=5564, stack(0x000000000b5e0000,0x000000000b6e0000)]
=>0x000000000baf9000 JavaThread "AWT-EventQueue-0" [_thread_in_native, id=3504, stack(0x000000000b3e0000,0x000000000b4e0000)]
  0x000000000baf8800 JavaThread "AWT-Shutdown" [_thread_blocked, id=1216, stack(0x000000000adf0000,0x000000000aef0000)]
  0x000000000a6fe000 JavaThread "main-SharedResourceRunner" daemon [_thread_blocked, id=5180, stack(0x000000000bfe0000,0x000000000c0e0000)]
  0x000000000a455800 JavaThread "AWT-Windows" daemon [_thread_in_native, id=3092, stack(0x000000000aef0000,0x000000000aff0000)]
  0x000000000a454000 JavaThread "Java2D Disposer" daemon [_thread_blocked, id=5684, stack(0x000000000acf0000,0x000000000adf0000)]
  0x00000000089e5800 JavaThread "Service Thread" daemon [_thread_blocked, id=1600, stack(0x000000000a140000,0x000000000a240000)]
  0x00000000089df000 JavaThread "C2 CompilerThread1" daemon [_thread_blocked, id=5212, stack(0x000000000a040000,0x000000000a140000)]
  0x00000000089d4800 JavaThread "C2 CompilerThread0" daemon [_thread_blocked, id=6112, stack(0x0000000009f40000,0x000000000a040000)]
  0x00000000089d2800 JavaThread "Attach Listener" daemon [_thread_blocked, id=5112, stack(0x0000000009e40000,0x0000000009f40000)]
  0x00000000089cf800 JavaThread "Signal Dispatcher" daemon [_thread_blocked, id=3456, stack(0x0000000009d40000,0x0000000009e40000)]
  0x000000000899f000 JavaThread "Finalizer" daemon [_thread_blocked, id=6880, stack(0x0000000009c40000,0x0000000009d40000)]
  0x0000000008996000 JavaThread "Reference Handler" daemon [_thread_blocked, id=6808, stack(0x0000000009b40000,0x0000000009c40000)]

Other Threads:
  0x0000000008991000 VMThread [stack: 0x0000000009a40000,0x0000000009b40000] [id=3884]
  0x0000000008a04000 WatcherThread [stack: 0x000000000a240000,0x000000000a340000] [id=3436]

VM state:not at safepoint (normal execution)

VM Mutex/Monitor currently owned by a thread: None

Heap
 PSYoungGen      total 18944K, used 4844K [0x00000000eb680000, 0x00000000edb80000, 0x0000000100000000)
  eden space 16384K, 14% used [0x00000000eb680000,0x00000000eb8da938,0x00000000ec680000)
  from space 2560K, 95% used [0x00000000ec680000,0x00000000ec8e0740,0x00000000ec900000)
  to   space 2560K, 0% used [0x00000000ed900000,0x00000000ed900000,0x00000000edb80000)
 ParOldGen       total 41984K, used 387K [0x00000000c2400000, 0x00000000c4d00000, 0x00000000eb680000)
  object space 41984K, 0% used [0x00000000c2400000,0x00000000c2460ec8,0x00000000c4d00000)
 PSPermGen       total 21504K, used 14028K [0x00000000bd200000, 0x00000000be700000, 0x00000000c2400000)
  object space 21504K, 65% used [0x00000000bd200000,0x00000000bdfb3108,0x00000000be700000)

Card table byte_map: [0x0000000005d50000,0x0000000005f70000] byte_map_base: 0x0000000005767000

Polling page: 0x0000000001130000

Code Cache  [0x0000000002c90000, 0x0000000002f00000, 0x0000000005c90000)
 total_blobs=802 nmethods=57 adapters=697 free_code_cache=48373Kb largest_free_block=49516032

Compilation events (10 events):
Event: 1.605 Thread 0x00000000089df000   53             java.lang.String::equals (81 bytes)
Event: 1.607 Thread 0x00000000089df000 nmethod 53 0x0000000002d4a590 code [0x0000000002d4a6e0, 0x0000000002d4a918]
Event: 1.612 Thread 0x00000000089d4800   54             sun.misc.MetaIndex::mayContain (51 bytes)
Event: 1.616 Thread 0x00000000089d4800 nmethod 54 0x0000000002d504d0 code [0x0000000002d50620, 0x0000000002d50858]
Event: 1.620 Thread 0x00000000089df000   55             java.util.Arrays::binarySearch0 (95 bytes)
Event: 1.620 Thread 0x00000000089d4800   56             sun.java2d.loops.GraphicsPrimitiveMgr$2::compare (39 bytes)
Event: 1.621 Thread 0x00000000089d4800 nmethod 56 0x0000000002d4d250 code [0x0000000002d4d3a0, 0x0000000002d4d478]
Event: 1.622 Thread 0x00000000089df000 nmethod 55 0x0000000002d4e890 code [0x0000000002d4e9e0, 0x0000000002d4eb98]
Event: 1.658 Thread 0x00000000089d4800   57             java.io.Win32FileSystem::normalize (143 bytes)
Event: 1.664 Thread 0x00000000089d4800 nmethod 57 0x0000000002d56b50 code [0x0000000002d56cc0, 0x0000000002d56fb0]

GC Heap History (6 events):
Event: 1.164 GC heap before
{Heap before GC invocations=1 (full 0):
 PSYoungGen      total 18944K, used 16384K [0x00000000eb680000, 0x00000000ecb80000, 0x0000000100000000)
  eden space 16384K, 100% used [0x00000000eb680000,0x00000000ec680000,0x00000000ec680000)
  from space 2560K, 0% used [0x00000000ec900000,0x00000000ec900000,0x00000000ecb80000)
  to   space 2560K, 0% used [0x00000000ec680000,0x00000000ec680000,0x00000000ec900000)
 ParOldGen       total 41984K, used 0K [0x00000000c2400000, 0x00000000c4d00000, 0x00000000eb680000)
  object space 41984K, 0% used [0x00000000c2400000,0x00000000c2400000,0x00000000c4d00000)
 PSPermGen       total 21504K, used 11671K [0x00000000bd200000, 0x00000000be700000, 0x00000000c2400000)
  object space 21504K, 54% used [0x00000000bd200000,0x00000000bdd65fb8,0x00000000be700000)
Event: 1.173 GC heap after
Heap after GC invocations=1 (full 0):
 PSYoungGen      total 18944K, used 2552K [0x00000000eb680000, 0x00000000ecb80000, 0x0000000100000000)
  eden space 16384K, 0% used [0x00000000eb680000,0x00000000eb680000,0x00000000ec680000)
  from space 2560K, 99% used [0x00000000ec680000,0x00000000ec8fe0a0,0x00000000ec900000)
  to   space 2560K, 0% used [0x00000000ec900000,0x00000000ec900000,0x00000000ecb80000)
 ParOldGen       total 41984K, used 387K [0x00000000c2400000, 0x00000000c4d00000, 0x00000000eb680000)
  object space 41984K, 0% used [0x00000000c2400000,0x00000000c2460ec8,0x00000000c4d00000)
 PSPermGen       total 21504K, used 11671K [0x00000000bd200000, 0x00000000be700000, 0x00000000c2400000)
  object space 21504K, 54% used [0x00000000bd200000,0x00000000bdd65fb8,0x00000000be700000)
}
Event: 1.357 GC heap before
{Heap before GC invocations=2 (full 0):
 PSYoungGen      total 18944K, used 18936K [0x00000000eb680000, 0x00000000ecb80000, 0x0000000100000000)
  eden space 16384K, 100% used [0x00000000eb680000,0x00000000ec680000,0x00000000ec680000)
  from space 2560K, 99% used [0x00000000ec680000,0x00000000ec8fe0a0,0x00000000ec900000)
  to   space 2560K, 0% used [0x00000000ec900000,0x00000000ec900000,0x00000000ecb80000)
 ParOldGen       total 41984K, used 387K [0x00000000c2400000, 0x00000000c4d00000, 0x00000000eb680000)
  object space 41984K, 0% used [0x00000000c2400000,0x00000000c2460ec8,0x00000000c4d00000)
 PSPermGen       total 21504K, used 11762K [0x00000000bd200000, 0x00000000be700000, 0x00000000c2400000)
  object space 21504K, 54% used [0x00000000bd200000,0x00000000bdd7c8c0,0x00000000be700000)
Event: 1.366 GC heap after
Heap after GC invocations=2 (full 0):
 PSYoungGen      total 18944K, used 2534K [0x00000000eb680000, 0x00000000edb80000, 0x0000000100000000)
  eden space 16384K, 0% used [0x00000000eb680000,0x00000000eb680000,0x00000000ec680000)
  from space 2560K, 98% used [0x00000000ec900000,0x00000000ecb798a0,0x00000000ecb80000)
  to   space 2560K, 0% used [0x00000000ec680000,0x00000000ec680000,0x00000000ec900000)
 ParOldGen       total 41984K, used 387K [0x00000000c2400000, 0x00000000c4d00000, 0x00000000eb680000)
  object space 41984K, 0% used [0x00000000c2400000,0x00000000c2460ec8,0x00000000c4d00000)
 PSPermGen       total 21504K, used 11762K [0x00000000bd200000, 0x00000000be700000, 0x00000000c2400000)
  object space 21504K, 54% used [0x00000000bd200000,0x00000000bdd7c8c0,0x00000000be700000)
}
Event: 1.532 GC heap before
{Heap before GC invocations=3 (full 0):
 PSYoungGen      total 18944K, used 18918K [0x00000000eb680000, 0x00000000edb80000, 0x0000000100000000)
  eden space 16384K, 100% used [0x00000000eb680000,0x00000000ec680000,0x00000000ec680000)
  from space 2560K, 98% used [0x00000000ec900000,0x00000000ecb798a0,0x00000000ecb80000)
  to   space 2560K, 0% used [0x00000000ec680000,0x00000000ec680000,0x00000000ec900000)
 ParOldGen       total 41984K, used 387K [0x00000000c2400000, 0x00000000c4d00000, 0x00000000eb680000)
  object space 41984K, 0% used [0x00000000c2400000,0x00000000c2460ec8,0x00000000c4d00000)
 PSPermGen       total 21504K, used 11775K [0x00000000bd200000, 0x00000000be700000, 0x00000000c2400000)
  object space 21504K, 54% used [0x00000000bd200000,0x00000000bdd7ffe0,0x00000000be700000)
Event: 1.539 GC heap after
Heap after GC invocations=3 (full 0):
 PSYoungGen      total 18944K, used 2433K [0x00000000eb680000, 0x00000000edb80000, 0x0000000100000000)
  eden space 16384K, 0% used [0x00000000eb680000,0x00000000eb680000,0x00000000ec680000)
  from space 2560K, 95% used [0x00000000ec680000,0x00000000ec8e0740,0x00000000ec900000)
  to   space 2560K, 0% used [0x00000000ed900000,0x00000000ed900000,0x00000000edb80000)
 ParOldGen       total 41984K, used 387K [0x00000000c2400000, 0x00000000c4d00000, 0x00000000eb680000)
  object space 41984K, 0% used [0x00000000c2400000,0x00000000c2460ec8,0x00000000c4d00000)
 PSPermGen       total 21504K, used 11775K [0x00000000bd200000, 0x00000000be700000, 0x00000000c2400000)
  object space 21504K, 54% used [0x00000000bd200000,0x00000000bdd7ffe0,0x00000000be700000)
}

Deoptimization events (2 events):
Event: 1.301 Thread 0x000000000a6fe000 Uncommon trap: reason=unreached action=reinterpret pc=0x0000000002d43fd8 method=java.lang.Class.searchFields([Ljava/lang/reflect/Field;Ljava/lang/String;)Ljava/lang/reflect/Field; @ 23
Event: 1.559 Thread 0x0000000002b90800 Uncommon trap: reason=null_check action=make_not_entrant pc=0x0000000002d04fa8 method=java.lang.String.equals(Ljava/lang/Object;)Z @ 8

Internal exceptions (10 events):
Event: 1.652 Thread 0x000000000baf9000 Threw 0x00000000eb8a9860 at C:\re\jdk7u67\1368\hotspot\src\share\vm\prims\jvm.cpp:1244
Event: 1.653 Thread 0x000000000baf9000 Threw 0x00000000eb8ab720 at C:\re\jdk7u67\1368\hotspot\src\share\vm\prims\jvm.cpp:1244
Event: 1.653 Thread 0x000000000baf9000 Threw 0x00000000eb8ad5e8 at C:\re\jdk7u67\1368\hotspot\src\share\vm\prims\jvm.cpp:1244
Event: 1.654 Thread 0x000000000baf9000 Threw 0x00000000eb8aef58 at C:\re\jdk7u67\1368\hotspot\src\share\vm\prims\jvm.cpp:1244
Event: 1.654 Thread 0x000000000baf9000 Threw 0x00000000eb8b0fd0 at C:\re\jdk7u67\1368\hotspot\src\share\vm\prims\jvm.cpp:1244
Event: 1.655 Thread 0x000000000baf9000 Threw 0x00000000eb8ba518 at C:\re\jdk7u67\1368\hotspot\src\share\vm\prims\jvm.cpp:1244
Event: 1.656 Thread 0x000000000baf9000 Threw 0x00000000eb8bdca0 at C:\re\jdk7u67\1368\hotspot\src\share\vm\prims\jvm.cpp:1244
Event: 1.656 Thread 0x000000000baf9000 Threw 0x00000000eb8c1ab0 at C:\re\jdk7u67\1368\hotspot\src\share\vm\prims\jvm.cpp:1244
Event: 1.657 Thread 0x000000000baf9000 Threw 0x00000000eb8c2f80 at C:\re\jdk7u67\1368\hotspot\src\share\vm\prims\jvm.cpp:1244
Event: 1.658 Thread 0x000000000baf9000 Threw 0x00000000eb8c6098 at C:\re\jdk7u67\1368\hotspot\src\share\vm\prims\jvm.cpp:1244

Events (10 events):
Event: 1.655 loading class 0x0000000008a489a0
Event: 1.655 loading class 0x0000000008a489a0 done
Event: 1.656 loading class 0x000000000bcbbf50
Event: 1.656 loading class 0x000000000bcbbf50 done
Event: 1.656 loading class 0x000000000bcbca00
Event: 1.656 loading class 0x000000000bcbca00 done
Event: 1.657 loading class 0x000000000bcbbfe0
Event: 1.657 loading class 0x000000000bcbbfe0 done
Event: 1.658 loading class 0x000000000bcbc010
Event: 1.658 loading class 0x000000000bcbc010 done


Dynamic libraries:
0x00007ff686840000 - 0x00007ff686873000 	C:\Program Files\Java\jdk1.7.0_67\bin\java.exe
0x00007ffbfe2b0000 - 0x00007ffbfe45c000 	C:\WINDOWS\SYSTEM32\ntdll.dll
0x00007ffbfabf0000 - 0x00007ffbfad2a000 	C:\WINDOWS\system32\KERNEL32.DLL
0x00007ffbfa620000 - 0x00007ffbfa72f000 	C:\WINDOWS\system32\KERNELBASE.dll
0x00007ffbf90e0000 - 0x00007ffbf9168000 	C:\WINDOWS\system32\apphelp.dll
0x00007ffbf1dd0000 - 0x00007ffbf1e1f000 	C:\WINDOWS\AppPatch\AppPatch64\AcGenral.DLL
0x00007ffbfb2f0000 - 0x00007ffbfb397000 	C:\WINDOWS\system32\msvcrt.dll
0x00007ffbfa2a0000 - 0x00007ffbfa2cb000 	C:\WINDOWS\SYSTEM32\SspiCli.dll
0x00007ffbfaee0000 - 0x00007ffbfaf31000 	C:\WINDOWS\system32\SHLWAPI.dll
0x00007ffbfcad0000 - 0x00007ffbfcc41000 	C:\WINDOWS\system32\USER32.dll
0x00007ffbfce80000 - 0x00007ffbfcff8000 	C:\WINDOWS\system32\ole32.dll
0x00007ffbfb550000 - 0x00007ffbfca68000 	C:\WINDOWS\system32\SHELL32.dll
0x00007ffbf9a90000 - 0x00007ffbf9aae000 	C:\WINDOWS\SYSTEM32\USERENV.dll
0x00007ffbfaf40000 - 0x00007ffbfafe5000 	C:\WINDOWS\system32\ADVAPI32.dll
0x00007ffbec620000 - 0x00007ffbec63b000 	C:\WINDOWS\SYSTEM32\MPR.dll
0x00007ffbfad30000 - 0x00007ffbfae67000 	C:\WINDOWS\system32\RPCRT4.dll
0x00007ffbfcc50000 - 0x00007ffbfcca7000 	C:\WINDOWS\SYSTEM32\sechost.dll
0x00007ffbfaa10000 - 0x00007ffbfabe6000 	C:\WINDOWS\SYSTEM32\combase.dll
0x00007ffbfcd20000 - 0x00007ffbfce64000 	C:\WINDOWS\system32\GDI32.dll
0x00007ffbfa500000 - 0x00007ffbfa514000 	C:\WINDOWS\SYSTEM32\profapi.dll
0x00007ffbf8b10000 - 0x00007ffbf8bc2000 	C:\WINDOWS\SYSTEM32\SHCORE.dll
0x00007ffbfd0a0000 - 0x00007ffbfd0d4000 	C:\WINDOWS\system32\IMM32.DLL
0x00007ffbfb190000 - 0x00007ffbfb2e1000 	C:\WINDOWS\system32\MSCTF.dll
0x00007ffbfa480000 - 0x00007ffbfa4af000 	C:\WINDOWS\system32\nvinitx.dll
0x00007ffbf8680000 - 0x00007ffbf88da000 	C:\WINDOWS\WinSxS\amd64_microsoft.windows.common-controls_6595b64144ccf1df_6.0.9600.17031_none_6242a4b3ecbb55a1\COMCTL32.dll
0x0000000068170000 - 0x0000000068242000 	C:\Program Files\Java\jdk1.7.0_67\jre\bin\msvcr100.dll
0x0000000068250000 - 0x0000000068a22000 	C:\Program Files\Java\jdk1.7.0_67\jre\bin\server\jvm.dll
0x00007ffbdfbc0000 - 0x00007ffbdfbc9000 	C:\WINDOWS\SYSTEM32\WSOCK32.dll
0x00007ffbf4c60000 - 0x00007ffbf4c7f000 	C:\WINDOWS\SYSTEM32\WINMM.dll
0x00007ffbfcd10000 - 0x00007ffbfcd17000 	C:\WINDOWS\system32\PSAPI.DLL
0x00007ffbfccb0000 - 0x00007ffbfcd08000 	C:\WINDOWS\system32\WS2_32.dll
0x00007ffbf4bb0000 - 0x00007ffbf4bda000 	C:\WINDOWS\SYSTEM32\WINMMBASE.dll
0x00007ffbfce70000 - 0x00007ffbfce79000 	C:\WINDOWS\system32\NSI.dll
0x00007ffbfa9c0000 - 0x00007ffbfaa0a000 	C:\WINDOWS\SYSTEM32\cfgmgr32.dll
0x00007ffbf9340000 - 0x00007ffbf9366000 	C:\WINDOWS\SYSTEM32\DEVOBJ.dll
0x0000000068120000 - 0x000000006812f000 	C:\Program Files\Java\jdk1.7.0_67\jre\bin\verify.dll
0x00000000680f0000 - 0x0000000068118000 	C:\Program Files\Java\jdk1.7.0_67\jre\bin\java.dll
0x00000000680d0000 - 0x00000000680e5000 	C:\Program Files\Java\jdk1.7.0_67\jre\bin\zip.dll
0x0000000067ef0000 - 0x0000000068085000 	C:\Program Files\Java\jdk1.7.0_67\jre\bin\awt.dll
0x00007ffbfb0c0000 - 0x00007ffbfb181000 	C:\WINDOWS\system32\OLEAUT32.dll
0x00007ffbf88e0000 - 0x00007ffbf8900000 	C:\WINDOWS\system32\DWMAPI.DLL
0x00007ffbf91c0000 - 0x00007ffbf92e1000 	C:\WINDOWS\system32\uxtheme.dll
0x00007ffbf9170000 - 0x00007ffbf917a000 	C:\WINDOWS\SYSTEM32\kernel.appcore.dll
0x00007ffbfa4c0000 - 0x00007ffbfa4ca000 	C:\WINDOWS\SYSTEM32\CRYPTBASE.dll
0x00007ffbfa2d0000 - 0x00007ffbfa330000 	C:\WINDOWS\SYSTEM32\bcryptPrimitives.dll
0x00007ffbf9d70000 - 0x00007ffbf9d8e000 	C:\WINDOWS\SYSTEM32\CRYPTSP.dll
0x00007ffbf9940000 - 0x00007ffbf9975000 	C:\WINDOWS\system32\rsaenh.dll
0x00007ffbf9fb0000 - 0x00007ffbf9fd6000 	C:\WINDOWS\SYSTEM32\bcrypt.dll
0x00000000680b0000 - 0x00000000680c9000 	C:\Program Files\Java\jdk1.7.0_67\jre\bin\net.dll
0x00007ffbf9d00000 - 0x00007ffbf9d58000 	C:\WINDOWS\system32\mswsock.dll
0x00007ffbf4110000 - 0x00007ffbf4139000 	C:\WINDOWS\SYSTEM32\IPHLPAPI.DLL
0x00007ffbf40f0000 - 0x00007ffbf40fa000 	C:\WINDOWS\SYSTEM32\WINNSI.DLL
0x00007ffbf3b30000 - 0x00007ffbf3b44000 	C:\WINDOWS\SYSTEM32\dhcpcsvc6.DLL
0x00007ffbf3d70000 - 0x00007ffbf3d89000 	C:\WINDOWS\SYSTEM32\dhcpcsvc.DLL
0x0000000068090000 - 0x00000000680a1000 	C:\Program Files\Java\jdk1.7.0_67\jre\bin\nio.dll
0x00000000637c0000 - 0x00000000637cd000 	C:\Users\Robin\AppData\Local\Temp\jogamp_0000\file_cache\jln426091231282272725\jln6037997810901936336\gluegen-rt.dll
0x00000000661d0000 - 0x00000000661d7000 	C:\Program Files\Java\jdk1.7.0_67\jre\bin\jawt.dll
0x000000006a440000 - 0x000000006a44d000 	C:\Users\Robin\AppData\Local\Temp\jogamp_0000\file_cache\jln426091231282272725\jln6037997810901936336\nativewindow_awt.dll
0x000000006c100000 - 0x000000006c10f000 	C:\Users\Robin\AppData\Local\Temp\jogamp_0000\file_cache\jln426091231282272725\jln6037997810901936336\nativewindow_win32.dll
0x00007ffbebe30000 - 0x00007ffbebf51000 	C:\WINDOWS\SYSTEM32\OpenGL32.dll
0x00007ffbf0440000 - 0x00007ffbf046c000 	C:\WINDOWS\SYSTEM32\GLU32.dll
0x00007ffbed3b0000 - 0x00007ffbed4a4000 	C:\WINDOWS\SYSTEM32\DDRAW.dll
0x00007ffbf67f0000 - 0x00007ffbf67f9000 	C:\WINDOWS\SYSTEM32\DCIMAN32.dll
0x0000000064500000 - 0x00000000645a2000 	C:\Users\Robin\AppData\Local\Temp\jogamp_0000\file_cache\jln426091231282272725\jln6037997810901936336\jogl_desktop.dll
0x00007ffbf0850000 - 0x00007ffbf08a3000 	C:\WINDOWS\system32\NV\ig4icd64.dll
0x00007ffbde2b0000 - 0x00007ffbdef35000 	C:\WINDOWS\system32\ig4icd64.dll
0x0000000067ea0000 - 0x0000000067ee7000 	C:\Program Files\Java\jdk1.7.0_67\jre\bin\fontmanager.dll
0x00007ffbf7c30000 - 0x00007ffbf7db8000 	C:\WINDOWS\SYSTEM32\dbghelp.dll

VM Arguments:
jvm_args: -Dfile.encoding=windows-1250 
java_command: app.Application
Launcher Type: SUN_STANDARD

Environment Variables:
PATH=C:\programy\EasyPHP-DevServer-13.1VC11\binaries\php\php_runningversion;C:\WINDOWS\system32;C:\WINDOWS;C:\WINDOWS\System32\Wbem;C:\WINDOWS\System32\WindowsPowerShell\v1.0\;C:\Program Files\Microsoft\Web Platform Installer\;C:\Program Files (x86)\Microsoft ASP.NET\ASP.NET Web Pages\v1.0\;C:\Program Files\Microsoft SQL Server\110\Tools\Binn\;C:\Program Files (x86)\Windows Kits\8.1\Windows Performance Toolkit\;.;
USERNAME=Robin
OS=Windows_NT
PROCESSOR_IDENTIFIER=Intel64 Family 6 Model 42 Stepping 7, GenuineIntel



---------------  S Y S T E M  ---------------

OS: Windows 8.1 , 64 bit Build 9600 

CPU:total 4 (2 cores per cpu, 2 threads per core) family 6 model 42 stepping 7, cmov, cx8, fxsr, mmx, sse, sse2, sse3, ssse3, sse4.1, sse4.2, popcnt, avx, aes, ht, tsc, tscinvbit

Memory: 4k page, physical 4042604k(1247364k free), swap 5353324k(1818708k free)

vm_info: Java HotSpot(TM) 64-Bit Server VM (24.65-b04) for windows-amd64 JRE (1.7.0_67-b01), built on Jul 25 2014 08:55:00 by "java_re" with unknown MS VC++:1600

time: Sat Mar 14 14:14:56 2015
elapsed time: 1 seconds

